Started GET "/" for ::1 at 2022-07-04 09:13:39 +0700
  
Mysql2::Error::ConnectionError (Can't connect to local MySQL server through socket '/opt/lampp/var/mysql/mysql.sock' (111)):
  
mysql2 (0.5.4) lib/mysql2/client.rb:95:in `connect'
mysql2 (0.5.4) lib/mysql2/client.rb:95:in `initialize'
activerecord (6.0.5) lib/active_record/connection_adapters/mysql2_adapter.rb:24:in `new'
activerecord (6.0.5) lib/active_record/connection_adapters/mysql2_adapter.rb:24:in `mysql2_connection'
activerecord (6.0.5) lib/active_record/connection_adapters/abstract/connection_pool.rb:887:in `new_connection'
activerecord (6.0.5) lib/active_record/connection_adapters/abstract/connection_pool.rb:931:in `checkout_new_connection'
activerecord (6.0.5) lib/active_record/connection_adapters/abstract/connection_pool.rb:910:in `try_to_checkout_new_connection'
activerecord (6.0.5) lib/active_record/connection_adapters/abstract/connection_pool.rb:871:in `acquire_connection'
activerecord (6.0.5) lib/active_record/connection_adapters/abstract/connection_pool.rb:593:in `checkout'
activerecord (6.0.5) lib/active_record/connection_adapters/abstract/connection_pool.rb:437:in `connection'
activerecord (6.0.5) lib/active_record/connection_adapters/abstract/connection_pool.rb:1125:in `retrieve_connection'
activerecord (6.0.5) lib/active_record/connection_handling.rb:221:in `retrieve_connection'
activerecord (6.0.5) lib/active_record/connection_handling.rb:189:in `connection'
activerecord (6.0.5) lib/active_record/migration.rb:562:in `call'
actionpack (6.0.5) lib/action_dispatch/middleware/callbacks.rb:27:in `block in call'
activesupport (6.0.5) lib/active_support/callbacks.rb:101:in `run_callbacks'
actionpack (6.0.5) lib/action_dispatch/middleware/callbacks.rb:26:in `call'
actionpack (6.0.5) lib/action_dispatch/middleware/executor.rb:14:in `call'
actionpack (6.0.5) lib/action_dispatch/middleware/actionable_exceptions.rb:18:in `call'
actionpack (6.0.5) lib/action_dispatch/middleware/debug_exceptions.rb:32:in `call'
web-console (4.2.0) lib/web_console/middleware.rb:132:in `call_app'
web-console (4.2.0) lib/web_console/middleware.rb:28:in `block in call'
web-console (4.2.0) lib/web_console/middleware.rb:17:in `catch'
web-console (4.2.0) lib/web_console/middleware.rb:17:in `call'
actionpack (6.0.5) lib/action_dispatch/middleware/show_exceptions.rb:33:in `call'
railties (6.0.5) lib/rails/rack/logger.rb:37:in `call_app'
railties (6.0.5) lib/rails/rack/logger.rb:26:in `block in call'
activesupport (6.0.5) lib/active_support/tagged_logging.rb:80:in `block in tagged'
activesupport (6.0.5) lib/active_support/tagged_logging.rb:28:in `tagged'
activesupport (6.0.5) lib/active_support/tagged_logging.rb:80:in `tagged'
railties (6.0.5) lib/rails/rack/logger.rb:26:in `call'
sprockets-rails (3.4.2) lib/sprockets/rails/quiet_assets.rb:13:in `call'
actionpack (6.0.5) lib/action_dispatch/middleware/remote_ip.rb:81:in `call'
actionpack (6.0.5) lib/action_dispatch/middleware/request_id.rb:27:in `call'
rack (2.2.4) lib/rack/method_override.rb:24:in `call'
rack (2.2.4) lib/rack/runtime.rb:22:in `call'
activesupport (6.0.5) lib/active_support/cache/strategy/local_cache_middleware.rb:29:in `call'
actionpack (6.0.5) lib/action_dispatch/middleware/executor.rb:14:in `call'
actionpack (6.0.5) lib/action_dispatch/middleware/static.rb:126:in `call'
rack (2.2.4) lib/rack/sendfile.rb:110:in `call'
actionpack (6.0.5) lib/action_dispatch/middleware/host_authorization.rb:103:in `call'
webpacker (4.3.0) lib/webpacker/dev_server_proxy.rb:23:in `perform_request'
rack-proxy (0.7.2) lib/rack/proxy.rb:67:in `call'
railties (6.0.5) lib/rails/engine.rb:527:in `call'
puma (4.3.12) lib/puma/configuration.rb:228:in `call'
puma (4.3.12) lib/puma/server.rb:727:in `handle_request'
puma (4.3.12) lib/puma/server.rb:476:in `process_client'
puma (4.3.12) lib/puma/server.rb:332:in `block in run'
puma (4.3.12) lib/puma/thread_pool.rb:134:in `block in spawn_thread'
Started GET "/" for ::1 at 2022-07-04 09:13:39 +0700
  
Mysql2::Error::ConnectionError (Can't connect to local MySQL server through socket '/opt/lampp/var/mysql/mysql.sock' (111)):
  
mysql2 (0.5.4) lib/mysql2/client.rb:95:in `connect'
mysql2 (0.5.4) lib/mysql2/client.rb:95:in `initialize'
activerecord (6.0.5) lib/active_record/connection_adapters/mysql2_adapter.rb:24:in `new'
activerecord (6.0.5) lib/active_record/connection_adapters/mysql2_adapter.rb:24:in `mysql2_connection'
activerecord (6.0.5) lib/active_record/connection_adapters/abstract/connection_pool.rb:887:in `new_connection'
activerecord (6.0.5) lib/active_record/connection_adapters/abstract/connection_pool.rb:931:in `checkout_new_connection'
activerecord (6.0.5) lib/active_record/connection_adapters/abstract/connection_pool.rb:910:in `try_to_checkout_new_connection'
activerecord (6.0.5) lib/active_record/connection_adapters/abstract/connection_pool.rb:871:in `acquire_connection'
activerecord (6.0.5) lib/active_record/connection_adapters/abstract/connection_pool.rb:593:in `checkout'
activerecord (6.0.5) lib/active_record/connection_adapters/abstract/connection_pool.rb:437:in `connection'
activerecord (6.0.5) lib/active_record/connection_adapters/abstract/connection_pool.rb:1125:in `retrieve_connection'
activerecord (6.0.5) lib/active_record/connection_handling.rb:221:in `retrieve_connection'
activerecord (6.0.5) lib/active_record/connection_handling.rb:189:in `connection'
activerecord (6.0.5) lib/active_record/migration.rb:562:in `call'
actionpack (6.0.5) lib/action_dispatch/middleware/callbacks.rb:27:in `block in call'
activesupport (6.0.5) lib/active_support/callbacks.rb:101:in `run_callbacks'
actionpack (6.0.5) lib/action_dispatch/middleware/callbacks.rb:26:in `call'
actionpack (6.0.5) lib/action_dispatch/middleware/executor.rb:14:in `call'
actionpack (6.0.5) lib/action_dispatch/middleware/actionable_exceptions.rb:18:in `call'
actionpack (6.0.5) lib/action_dispatch/middleware/debug_exceptions.rb:32:in `call'
web-console (4.2.0) lib/web_console/middleware.rb:132:in `call_app'
web-console (4.2.0) lib/web_console/middleware.rb:28:in `block in call'
web-console (4.2.0) lib/web_console/middleware.rb:17:in `catch'
web-console (4.2.0) lib/web_console/middleware.rb:17:in `call'
actionpack (6.0.5) lib/action_dispatch/middleware/show_exceptions.rb:33:in `call'
railties (6.0.5) lib/rails/rack/logger.rb:37:in `call_app'
railties (6.0.5) lib/rails/rack/logger.rb:26:in `block in call'
activesupport (6.0.5) lib/active_support/tagged_logging.rb:80:in `block in tagged'
activesupport (6.0.5) lib/active_support/tagged_logging.rb:28:in `tagged'
activesupport (6.0.5) lib/active_support/tagged_logging.rb:80:in `tagged'
railties (6.0.5) lib/rails/rack/logger.rb:26:in `call'
sprockets-rails (3.4.2) lib/sprockets/rails/quiet_assets.rb:13:in `call'
actionpack (6.0.5) lib/action_dispatch/middleware/remote_ip.rb:81:in `call'
actionpack (6.0.5) lib/action_dispatch/middleware/request_id.rb:27:in `call'
rack (2.2.4) lib/rack/method_override.rb:24:in `call'
rack (2.2.4) lib/rack/runtime.rb:22:in `call'
activesupport (6.0.5) lib/active_support/cache/strategy/local_cache_middleware.rb:29:in `call'
actionpack (6.0.5) lib/action_dispatch/middleware/executor.rb:14:in `call'
actionpack (6.0.5) lib/action_dispatch/middleware/static.rb:126:in `call'
rack (2.2.4) lib/rack/sendfile.rb:110:in `call'
actionpack (6.0.5) lib/action_dispatch/middleware/host_authorization.rb:103:in `call'
webpacker (4.3.0) lib/webpacker/dev_server_proxy.rb:23:in `perform_request'
rack-proxy (0.7.2) lib/rack/proxy.rb:67:in `call'
railties (6.0.5) lib/rails/engine.rb:527:in `call'
puma (4.3.12) lib/puma/configuration.rb:228:in `call'
puma (4.3.12) lib/puma/server.rb:727:in `handle_request'
puma (4.3.12) lib/puma/server.rb:476:in `process_client'
puma (4.3.12) lib/puma/server.rb:332:in `block in run'
puma (4.3.12) lib/puma/thread_pool.rb:134:in `block in spawn_thread'
Started GET "/" for ::1 at 2022-07-04 09:13:39 +0700
  
Mysql2::Error::ConnectionError (Can't connect to local MySQL server through socket '/opt/lampp/var/mysql/mysql.sock' (111)):
  
mysql2 (0.5.4) lib/mysql2/client.rb:95:in `connect'
mysql2 (0.5.4) lib/mysql2/client.rb:95:in `initialize'
activerecord (6.0.5) lib/active_record/connection_adapters/mysql2_adapter.rb:24:in `new'
activerecord (6.0.5) lib/active_record/connection_adapters/mysql2_adapter.rb:24:in `mysql2_connection'
activerecord (6.0.5) lib/active_record/connection_adapters/abstract/connection_pool.rb:887:in `new_connection'
activerecord (6.0.5) lib/active_record/connection_adapters/abstract/connection_pool.rb:931:in `checkout_new_connection'
activerecord (6.0.5) lib/active_record/connection_adapters/abstract/connection_pool.rb:910:in `try_to_checkout_new_connection'
activerecord (6.0.5) lib/active_record/connection_adapters/abstract/connection_pool.rb:871:in `acquire_connection'
activerecord (6.0.5) lib/active_record/connection_adapters/abstract/connection_pool.rb:593:in `checkout'
activerecord (6.0.5) lib/active_record/connection_adapters/abstract/connection_pool.rb:437:in `connection'
activerecord (6.0.5) lib/active_record/connection_adapters/abstract/connection_pool.rb:1125:in `retrieve_connection'
activerecord (6.0.5) lib/active_record/connection_handling.rb:221:in `retrieve_connection'
activerecord (6.0.5) lib/active_record/connection_handling.rb:189:in `connection'
activerecord (6.0.5) lib/active_record/migration.rb:562:in `call'
actionpack (6.0.5) lib/action_dispatch/middleware/callbacks.rb:27:in `block in call'
activesupport (6.0.5) lib/active_support/callbacks.rb:101:in `run_callbacks'
actionpack (6.0.5) lib/action_dispatch/middleware/callbacks.rb:26:in `call'
actionpack (6.0.5) lib/action_dispatch/middleware/executor.rb:14:in `call'
actionpack (6.0.5) lib/action_dispatch/middleware/actionable_exceptions.rb:18:in `call'
actionpack (6.0.5) lib/action_dispatch/middleware/debug_exceptions.rb:32:in `call'
web-console (4.2.0) lib/web_console/middleware.rb:132:in `call_app'
web-console (4.2.0) lib/web_console/middleware.rb:28:in `block in call'
web-console (4.2.0) lib/web_console/middleware.rb:17:in `catch'
web-console (4.2.0) lib/web_console/middleware.rb:17:in `call'
actionpack (6.0.5) lib/action_dispatch/middleware/show_exceptions.rb:33:in `call'
railties (6.0.5) lib/rails/rack/logger.rb:37:in `call_app'
railties (6.0.5) lib/rails/rack/logger.rb:26:in `block in call'
activesupport (6.0.5) lib/active_support/tagged_logging.rb:80:in `block in tagged'
activesupport (6.0.5) lib/active_support/tagged_logging.rb:28:in `tagged'
activesupport (6.0.5) lib/active_support/tagged_logging.rb:80:in `tagged'
railties (6.0.5) lib/rails/rack/logger.rb:26:in `call'
sprockets-rails (3.4.2) lib/sprockets/rails/quiet_assets.rb:13:in `call'
actionpack (6.0.5) lib/action_dispatch/middleware/remote_ip.rb:81:in `call'
actionpack (6.0.5) lib/action_dispatch/middleware/request_id.rb:27:in `call'
rack (2.2.4) lib/rack/method_override.rb:24:in `call'
rack (2.2.4) lib/rack/runtime.rb:22:in `call'
activesupport (6.0.5) lib/active_support/cache/strategy/local_cache_middleware.rb:29:in `call'
actionpack (6.0.5) lib/action_dispatch/middleware/executor.rb:14:in `call'
actionpack (6.0.5) lib/action_dispatch/middleware/static.rb:126:in `call'
rack (2.2.4) lib/rack/sendfile.rb:110:in `call'
actionpack (6.0.5) lib/action_dispatch/middleware/host_authorization.rb:103:in `call'
webpacker (4.3.0) lib/webpacker/dev_server_proxy.rb:23:in `perform_request'
rack-proxy (0.7.2) lib/rack/proxy.rb:67:in `call'
railties (6.0.5) lib/rails/engine.rb:527:in `call'
puma (4.3.12) lib/puma/configuration.rb:228:in `call'
puma (4.3.12) lib/puma/server.rb:727:in `handle_request'
puma (4.3.12) lib/puma/server.rb:476:in `process_client'
puma (4.3.12) lib/puma/server.rb:332:in `block in run'
puma (4.3.12) lib/puma/thread_pool.rb:134:in `block in spawn_thread'
Started GET "/" for ::1 at 2022-07-04 09:13:39 +0700
  
Mysql2::Error::ConnectionError (Can't connect to local MySQL server through socket '/opt/lampp/var/mysql/mysql.sock' (111)):
  
mysql2 (0.5.4) lib/mysql2/client.rb:95:in `connect'
mysql2 (0.5.4) lib/mysql2/client.rb:95:in `initialize'
activerecord (6.0.5) lib/active_record/connection_adapters/mysql2_adapter.rb:24:in `new'
activerecord (6.0.5) lib/active_record/connection_adapters/mysql2_adapter.rb:24:in `mysql2_connection'
activerecord (6.0.5) lib/active_record/connection_adapters/abstract/connection_pool.rb:887:in `new_connection'
activerecord (6.0.5) lib/active_record/connection_adapters/abstract/connection_pool.rb:931:in `checkout_new_connection'
activerecord (6.0.5) lib/active_record/connection_adapters/abstract/connection_pool.rb:910:in `try_to_checkout_new_connection'
activerecord (6.0.5) lib/active_record/connection_adapters/abstract/connection_pool.rb:871:in `acquire_connection'
activerecord (6.0.5) lib/active_record/connection_adapters/abstract/connection_pool.rb:593:in `checkout'
activerecord (6.0.5) lib/active_record/connection_adapters/abstract/connection_pool.rb:437:in `connection'
activerecord (6.0.5) lib/active_record/connection_adapters/abstract/connection_pool.rb:1125:in `retrieve_connection'
activerecord (6.0.5) lib/active_record/connection_handling.rb:221:in `retrieve_connection'
activerecord (6.0.5) lib/active_record/connection_handling.rb:189:in `connection'
activerecord (6.0.5) lib/active_record/migration.rb:562:in `call'
actionpack (6.0.5) lib/action_dispatch/middleware/callbacks.rb:27:in `block in call'
activesupport (6.0.5) lib/active_support/callbacks.rb:101:in `run_callbacks'
actionpack (6.0.5) lib/action_dispatch/middleware/callbacks.rb:26:in `call'
actionpack (6.0.5) lib/action_dispatch/middleware/executor.rb:14:in `call'
actionpack (6.0.5) lib/action_dispatch/middleware/actionable_exceptions.rb:18:in `call'
actionpack (6.0.5) lib/action_dispatch/middleware/debug_exceptions.rb:32:in `call'
web-console (4.2.0) lib/web_console/middleware.rb:132:in `call_app'
web-console (4.2.0) lib/web_console/middleware.rb:28:in `block in call'
web-console (4.2.0) lib/web_console/middleware.rb:17:in `catch'
web-console (4.2.0) lib/web_console/middleware.rb:17:in `call'
actionpack (6.0.5) lib/action_dispatch/middleware/show_exceptions.rb:33:in `call'
railties (6.0.5) lib/rails/rack/logger.rb:37:in `call_app'
railties (6.0.5) lib/rails/rack/logger.rb:26:in `block in call'
activesupport (6.0.5) lib/active_support/tagged_logging.rb:80:in `block in tagged'
activesupport (6.0.5) lib/active_support/tagged_logging.rb:28:in `tagged'
activesupport (6.0.5) lib/active_support/tagged_logging.rb:80:in `tagged'
railties (6.0.5) lib/rails/rack/logger.rb:26:in `call'
sprockets-rails (3.4.2) lib/sprockets/rails/quiet_assets.rb:13:in `call'
actionpack (6.0.5) lib/action_dispatch/middleware/remote_ip.rb:81:in `call'
actionpack (6.0.5) lib/action_dispatch/middleware/request_id.rb:27:in `call'
rack (2.2.4) lib/rack/method_override.rb:24:in `call'
rack (2.2.4) lib/rack/runtime.rb:22:in `call'
activesupport (6.0.5) lib/active_support/cache/strategy/local_cache_middleware.rb:29:in `call'
actionpack (6.0.5) lib/action_dispatch/middleware/executor.rb:14:in `call'
actionpack (6.0.5) lib/action_dispatch/middleware/static.rb:126:in `call'
rack (2.2.4) lib/rack/sendfile.rb:110:in `call'
actionpack (6.0.5) lib/action_dispatch/middleware/host_authorization.rb:103:in `call'
webpacker (4.3.0) lib/webpacker/dev_server_proxy.rb:23:in `perform_request'
rack-proxy (0.7.2) lib/rack/proxy.rb:67:in `call'
railties (6.0.5) lib/rails/engine.rb:527:in `call'
puma (4.3.12) lib/puma/configuration.rb:228:in `call'
puma (4.3.12) lib/puma/server.rb:727:in `handle_request'
puma (4.3.12) lib/puma/server.rb:476:in `process_client'
puma (4.3.12) lib/puma/server.rb:332:in `block in run'
puma (4.3.12) lib/puma/thread_pool.rb:134:in `block in spawn_thread'
Started GET "/" for ::1 at 2022-07-04 09:17:55 +0700
Processing by StaticPagesController#home as HTML
  Rendering static_pages/home.html.erb within layouts/application
  Rendered static_pages/home.html.erb within layouts/application (Duration: 0.2ms | Allocations: 99)
[Webpacker] Everything's up-to-date. Nothing to do
Completed 200 OK in 51ms (Views: 39.9ms | ActiveRecord: 0.0ms | Allocations: 11275)


Started GET "/" for ::1 at 2022-07-04 09:18:17 +0700
Processing by StaticPagesController#home as HTML
  Rendering static_pages/home.html.erb within layouts/application
  Rendered static_pages/home.html.erb within layouts/application (Duration: 0.8ms | Allocations: 93)
[Webpacker] Everything's up-to-date. Nothing to do
Completed 200 OK in 18ms (Views: 15.4ms | ActiveRecord: 0.0ms | Allocations: 4353)


Started GET "/" for ::1 at 2022-07-04 09:18:30 +0700
Processing by StaticPagesController#home as HTML
  Rendering static_pages/home.html.erb within layouts/application
  Rendered static_pages/home.html.erb within layouts/application (Duration: 1.1ms | Allocations: 94)
[Webpacker] Everything's up-to-date. Nothing to do
Completed 200 OK in 19ms (Views: 17.2ms | ActiveRecord: 0.0ms | Allocations: 4768)


Started GET "/" for ::1 at 2022-07-04 09:18:38 +0700
Processing by StaticPagesController#home as HTML
  Rendering static_pages/home.html.erb within layouts/application
  Rendered static_pages/home.html.erb within layouts/application (Duration: 0.9ms | Allocations: 94)
[Webpacker] Everything's up-to-date. Nothing to do
Completed 200 OK in 15ms (Views: 13.6ms | ActiveRecord: 0.0ms | Allocations: 4362)


Started GET "/" for ::1 at 2022-07-04 09:24:41 +0700
Processing by StaticPagesController#home as HTML
  Rendering static_pages/home.html.erb within layouts/application
  Rendered static_pages/home.html.erb within layouts/application (Duration: 0.4ms | Allocations: 93)
[Webpacker] Everything's up-to-date. Nothing to do
Completed 200 OK in 9ms (Views: 7.8ms | ActiveRecord: 0.0ms | Allocations: 4355)


Started GET "/" for ::1 at 2022-07-04 09:34:32 +0700
Processing by StaticPagesController#home as HTML
  Rendering static_pages/home.html.erb within layouts/application
  Rendered static_pages/home.html.erb within layouts/application (Duration: 0.4ms | Allocations: 213)
[Webpacker] Everything's up-to-date. Nothing to do
Completed 200 OK in 13ms (Views: 8.8ms | ActiveRecord: 0.0ms | Allocations: 9507)


Started GET "/static_pages/about" for ::1 at 2022-07-04 09:34:37 +0700
Processing by StaticPagesController#about as HTML
  Rendering static_pages/about.html.erb within layouts/application
  Rendered static_pages/about.html.erb within layouts/application (Duration: 0.6ms | Allocations: 674)
[Webpacker] Everything's up-to-date. Nothing to do
Completed 200 OK in 5ms (Views: 3.9ms | ActiveRecord: 0.0ms | Allocations: 4220)


Started GET "/static_pages/about" for ::1 at 2022-07-04 09:34:45 +0700
Processing by StaticPagesController#about as HTML
  Rendering static_pages/about.html.erb within layouts/application
  Rendered static_pages/about.html.erb within layouts/application (Duration: 0.9ms | Allocations: 133)
[Webpacker] Everything's up-to-date. Nothing to do
Completed 200 OK in 20ms (Views: 16.9ms | ActiveRecord: 0.0ms | Allocations: 4552)


Started GET "/static_pages/about" for ::1 at 2022-07-04 09:35:22 +0700
Processing by StaticPagesController#about as HTML
  Rendering static_pages/about.html.erb within layouts/application
  Rendered static_pages/about.html.erb within layouts/application (Duration: 3.0ms | Allocations: 2101)
[Webpacker] Everything's up-to-date. Nothing to do
Completed 200 OK in 7ms (Views: 6.4ms | ActiveRecord: 0.0ms | Allocations: 6425)


Started GET "/static_pages/about" for ::1 at 2022-07-04 09:35:51 +0700
Processing by StaticPagesController#about as HTML
  Rendering static_pages/about.html.erb within layouts/application
  Rendered static_pages/about.html.erb within layouts/application (Duration: 1.4ms | Allocations: 2495)
Completed 500 Internal Server Error in 3ms (ActiveRecord: 0.0ms | Allocations: 3231)


  
ActionView::Template::Error (can not load translations from /home/pham.thanh.namb/Documents/sample_app/sample_app/config/locales/en.yml: #<Psych::SyntaxError: (<unknown>): did not find expected key while parsing a block mapping at line 2 column 3>):
    1: <% provide(:title, t("title")) %>
    2: <h1>About</h1>
    3: <p>
    4:   The <a href="https://www.railstutorial.org/"><em>Ruby on Rails
  
app/views/static_pages/about.html.erb:1
Started GET "/static_pages/about" for ::1 at 2022-07-04 09:36:14 +0700
Processing by StaticPagesController#about as HTML
  Rendering static_pages/about.html.erb within layouts/application
  Rendered static_pages/about.html.erb within layouts/application (Duration: 4.2ms | Allocations: 1915)
[Webpacker] Everything's up-to-date. Nothing to do
Completed 200 OK in 10ms (Views: 9.2ms | ActiveRecord: 0.0ms | Allocations: 5571)


Started GET "/static_pages/about" for ::1 at 2022-07-04 09:36:35 +0700
Processing by StaticPagesController#about as HTML
  Rendering static_pages/about.html.erb within layouts/application
  Rendered static_pages/about.html.erb within layouts/application (Duration: 2.9ms | Allocations: 1697)
[Webpacker] Everything's up-to-date. Nothing to do
Completed 200 OK in 8ms (Views: 6.9ms | ActiveRecord: 0.0ms | Allocations: 6090)


Started GET "/static_pages/about" for ::1 at 2022-07-04 09:37:18 +0700
Processing by StaticPagesController#about as HTML
  Rendering static_pages/about.html.erb within layouts/application
  Rendered static_pages/about.html.erb within layouts/application (Duration: 0.4ms | Allocations: 170)
[Webpacker] Everything's up-to-date. Nothing to do
Completed 200 OK in 6ms (Views: 4.8ms | ActiveRecord: 0.0ms | Allocations: 4591)


Started GET "/static_pages/about" for ::1 at 2022-07-04 09:40:46 +0700
Processing by StaticPagesController#about as HTML
  Rendering static_pages/about.html.erb within layouts/application
  Rendered static_pages/about.html.erb within layouts/application (Duration: 1.7ms | Allocations: 1662)
Completed 500 Internal Server Error in 4ms (ActiveRecord: 0.0ms | Allocations: 2955)


  
ActionView::Template::Error (undefined method `rails_tutorial_jp' for nil:NilClass):
    1: <% provide :title, t(".title") %>
    2: <h1><%= t ".welcome" %></h1>
    3: <p>
    4:   <%= link_to t("rails_tutorial_name"), Settings.links.rails_tutorial_jp %>
    5:   <%= t ".first_intro" %>
    6:   <%= link_to t("ruby_on_rails"), Settings.links.ruby_on_rails %>.
    7:   <%= t ".second_intro" %>.
  
app/views/static_pages/about.html.erb:4
Started GET "/static_pages/about" for ::1 at 2022-07-04 09:41:47 +0700
Processing by StaticPagesController#about as HTML
  Rendering static_pages/about.html.erb within layouts/application
  Rendered static_pages/about.html.erb within layouts/application (Duration: 0.4ms | Allocations: 215)
[Webpacker] Everything's up-to-date. Nothing to do
Completed 200 OK in 5ms (Views: 4.4ms | ActiveRecord: 0.0ms | Allocations: 4229)


Started GET "/static_pages/about" for ::1 at 2022-07-04 09:41:51 +0700
Processing by StaticPagesController#about as HTML
  Rendering static_pages/about.html.erb within layouts/application
  Rendered static_pages/about.html.erb within layouts/application (Duration: 0.3ms | Allocations: 184)
[Webpacker] Everything's up-to-date. Nothing to do
Completed 200 OK in 4ms (Views: 3.5ms | ActiveRecord: 0.0ms | Allocations: 3926)


Started GET "/static_pages/about" for ::1 at 2022-07-04 09:41:51 +0700
Processing by StaticPagesController#about as HTML
  Rendering static_pages/about.html.erb within layouts/application
  Rendered static_pages/about.html.erb within layouts/application (Duration: 0.4ms | Allocations: 183)
[Webpacker] Everything's up-to-date. Nothing to do
Completed 200 OK in 5ms (Views: 3.7ms | ActiveRecord: 0.0ms | Allocations: 3915)


Started GET "/static_pages/about" for ::1 at 2022-07-04 09:41:51 +0700
Processing by StaticPagesController#about as HTML
  Rendering static_pages/about.html.erb within layouts/application
  Rendered static_pages/about.html.erb within layouts/application (Duration: 0.2ms | Allocations: 184)
[Webpacker] Everything's up-to-date. Nothing to do
Completed 200 OK in 4ms (Views: 3.3ms | ActiveRecord: 0.0ms | Allocations: 3922)


Started GET "/static_pages/home" for ::1 at 2022-07-04 09:46:01 +0700
Processing by StaticPagesController#home as HTML
  Rendering static_pages/home.html.erb within layouts/application
  Rendered static_pages/home.html.erb within layouts/application (Duration: 0.2ms | Allocations: 96)
[Webpacker] Everything's up-to-date. Nothing to do
Completed 200 OK in 6ms (Views: 4.8ms | ActiveRecord: 0.0ms | Allocations: 3977)


Started GET "/static_pages/home" for ::1 at 2022-07-04 09:46:23 +0700
Processing by StaticPagesController#home as HTML
  Rendering static_pages/home.html.erb within layouts/application
  Rendered static_pages/home.html.erb within layouts/application (Duration: 0.3ms | Allocations: 128)
[Webpacker] Everything's up-to-date. Nothing to do
Completed 200 OK in 5ms (Views: 4.0ms | ActiveRecord: 0.0ms | Allocations: 4802)


Started GET "/static_pages/home" for ::1 at 2022-07-04 09:47:12 +0700
Processing by StaticPagesController#home as HTML
  Rendering static_pages/home.html.erb within layouts/application
  Rendered static_pages/home.html.erb within layouts/application (Duration: 3.0ms | Allocations: 2252)
[Webpacker] Everything's up-to-date. Nothing to do
Completed 200 OK in 8ms (Views: 6.8ms | ActiveRecord: 0.0ms | Allocations: 6821)


Started GET "/static_pages/home" for ::1 at 2022-07-04 09:49:05 +0700
Processing by StaticPagesController#home as HTML
  Rendering static_pages/home.html.erb within layouts/application
  Rendered static_pages/home.html.erb within layouts/application (Duration: 0.9ms | Allocations: 857)
[Webpacker] Everything's up-to-date. Nothing to do
Completed 200 OK in 6ms (Views: 4.7ms | ActiveRecord: 0.0ms | Allocations: 5419)


Started GET "/static_pages/about" for ::1 at 2022-07-04 09:52:18 +0700
Processing by StaticPagesController#about as HTML
  Rendering static_pages/about.html.erb within layouts/application
  Rendered static_pages/about.html.erb within layouts/application (Duration: 0.6ms | Allocations: 347)
[Webpacker] Everything's up-to-date. Nothing to do
Completed 200 OK in 6ms (Views: 4.4ms | ActiveRecord: 0.0ms | Allocations: 5030)


Started GET "/static_pages/contact" for ::1 at 2022-07-04 09:53:47 +0700
Processing by StaticPagesController#contact as HTML
  Rendering static_pages/contact.html.erb within layouts/application
  Rendered static_pages/contact.html.erb within layouts/application (Duration: 0.4ms | Allocations: 273)
[Webpacker] Everything's up-to-date. Nothing to do
Completed 200 OK in 5ms (Views: 4.3ms | ActiveRecord: 0.0ms | Allocations: 4939)


Started GET "/static_pages/help" for ::1 at 2022-07-04 09:55:12 +0700
Processing by StaticPagesController#help as HTML
  Rendering static_pages/help.html.erb within layouts/application
  Rendered static_pages/help.html.erb within layouts/application (Duration: 0.7ms | Allocations: 390)
[Webpacker] Everything's up-to-date. Nothing to do
Completed 200 OK in 8ms (Views: 6.5ms | ActiveRecord: 0.0ms | Allocations: 5069)


Started GET "/static_pages/help" for ::1 at 2022-07-04 09:56:10 +0700
Processing by StaticPagesController#help as HTML
  Rendering static_pages/help.html.erb within layouts/application
  Rendered static_pages/help.html.erb within layouts/application (Duration: 0.3ms | Allocations: 186)
[Webpacker] Everything's up-to-date. Nothing to do
Completed 200 OK in 5ms (Views: 3.7ms | ActiveRecord: 0.0ms | Allocations: 3922)


